{ 'AR': 'lib',
  'ARCOM': "${TEMPFILE('$AR $ARFLAGS /OUT:$TARGET $SOURCES','$ARCOMSTR')}",
  'ARFLAGS': ['/nologo'],
  'AS': 'ml',
  'ASCOM': '$AS $ASFLAGS /c /Fo$TARGET $SOURCES',
  'ASFLAGS': ['/nologo'],
  'ASPPCOM': '$CC $ASPPFLAGS $CPPFLAGS $_CPPDEFFLAGS $_CPPINCFLAGS /c '
             '/Fo$TARGET $SOURCES',
  'ASPPFLAGS': '$ASFLAGS',
  'BUILDERS': { 'CopyAs': <SCons.Builder.BuilderBase object at 0x000002A16C222A90>,
                'CopyTo': <SCons.Builder.BuilderBase object at 0x000002A16C222910>,
                'JarFile': <SCons.Builder.BuilderBase object at 0x000002A16C222E50>,
                'JavaClassDir': <SCons.Builder.BuilderBase object at 0x000002A16C223710>,
                'JavaClassFile': <SCons.Builder.BuilderBase object at 0x000002A16C223410>,
                'JavaFile': <SCons.Builder.CompositeBuilder object at 0x000002A16C2231D0>,
                'Library': <SCons.Builder.BuilderBase object at 0x000002A16C222390>,
                'LoadableModule': <SCons.Builder.BuilderBase object at 0x000002A16C21D0D0>,
                'Object': <SCons.Builder.CompositeBuilder object at 0x000002A16C21D4D0>,
                'PCH': <SCons.Builder.BuilderBase object at 0x000002A16C072ED0>,
                'Program': <SCons.Builder.BuilderBase object at 0x000002A16C21CA50>,
                'ProgramAllAtOnce': <SCons.Builder.BuilderBase object at 0x000002A16C222710>,
                'RES': <SCons.Builder.BuilderBase object at 0x000002A16C143490>,
                'RMIC': <SCons.Builder.BuilderBase object at 0x000002A16C1A7550>,
                'SharedLibrary': <SCons.Builder.BuilderBase object at 0x000002A16C21CAD0>,
                'SharedObject': <SCons.Builder.CompositeBuilder object at 0x000002A16C21D810>,
                'StaticLibrary': <SCons.Builder.BuilderBase object at 0x000002A16C222390>,
                'StaticObject': <SCons.Builder.CompositeBuilder object at 0x000002A16C21D4D0>,
                'Substfile': <SCons.Builder.BuilderBase object at 0x000002A16C21C6D0>,
                'Tar': <SCons.Builder.BuilderBase object at 0x000002A16C1BFB50>,
                'Textfile': <SCons.Builder.BuilderBase object at 0x000002A16C21C550>,
                'Zip': <SCons.Builder.BuilderBase object at 0x000002A16C20BCD0>},
  'CC': 'cl',
  'CCCOM': '${TEMPFILE("$CC $_MSVC_OUTPUT_FLAG /c $CHANGED_SOURCES $CFLAGS '
           '$CCFLAGS $_CCCOMCOM","$CCCOMSTR")}',
  'CCDEPFLAGS': '/showIncludes',
  'CCFLAGS': ['/nologo'],
  'CCPCHFLAGS': <function gen_ccpchflags at 0x000002A16C14AD40>,
  'CCPDBFLAGS': ['${(PDB and "/Z7") or ""}'],
  'CFILESUFFIX': '.c',
  'CFLAGS': [],
  'CONFIGUREDIR': '#/.sconf_temp',
  'CONFIGURELOG': '#/config.log',
  'COPYSTR': 'Copy file(s): "$SOURCES" to "$TARGETS"',
  'CPPDEFPREFIX': '/D',
  'CPPDEFSUFFIX': '',
  'CPPSUFFIXES': [ '.c',
                   '.C',
                   '.cxx',
                   '.cpp',
                   '.c++',
                   '.cc',
                   '.h',
                   '.H',
                   '.hxx',
                   '.hpp',
                   '.hh',
                   '.F',
                   '.fpp',
                   '.FPP',
                   '.m',
                   '.mm',
                   '.S',
                   '.spp',
                   '.SPP',
                   '.sx'],
  'CXX': '$CC',
  'CXXCOM': '${TEMPFILE("$CXX $_MSVC_OUTPUT_FLAG /c $CHANGED_SOURCES $CXXFLAGS '
            '$CCFLAGS $_CCCOMCOM","$CXXCOMSTR")}',
  'CXXFILESUFFIX': '.cc',
  'CXXFLAGS': ['$(', '/TP', '$)'],
  'DC': 'dmd',
  'DCOM': '$DC $_DINCFLAGS $_DVERFLAGS $_DDEBUGFLAGS $_DFLAGS $_DI_FLAGS -c '
          '-of$TARGET $SOURCES',
  'DDEBUG': [],
  'DDEBUGPREFIX': '-debug=',
  'DDEBUGSUFFIX': '',
  'DFILESUFFIX': '.d',
  'DFLAGPREFIX': '-',
  'DFLAGS': [],
  'DFLAGSUFFIX': '',
  'DINCPREFIX': '-I',
  'DINCSUFFIX': '',
  'DI_FILE_DIR': '',
  'DI_FILE_DIR_PREFIX': '-Hd=',
  'DI_FILE_DIR_SUFFFIX': '',
  'DI_FILE_SUFFIX': '.di',
  'DLIB': 'lib',
  'DLIBCOM': '$DLIB $_DLIBFLAGS -c $TARGET $SOURCES $_DLIBFLAGS',
  'DLIBDIRPREFIX': '-L-L',
  'DLIBDIRSUFFIX': '',
  'DLIBFLAGPREFIX': '-',
  'DLIBFLAGSUFFIX': '',
  'DLIBLINKPREFIX': '',
  'DLIBLINKSUFFIX': '.lib',
  'DLINK': '$DC',
  'DLINKCOM': '$DLINK -of$TARGET $DLINKFLAGS $__DRPATH $SOURCES $_DLIBDIRFLAGS '
              '$_DLIBFLAGS',
  'DLINKFLAGS': [],
  'DPATH': ['#/'],
  'DRPATHPREFIX': '-L-rpath=',
  'DRPATHSUFFIX': '',
  'DSUFFIXES': ['.d'],
  'DVERPREFIX': '-version=',
  'DVERSIONS': [],
  'DVERSUFFIX': '',
  'Dir': <SCons.Defaults.Variable_Method_Caller object at 0x000002A16BEA3510>,
  'Dirs': <SCons.Defaults.Variable_Method_Caller object at 0x000002A16BEA3550>,
  'ENV': { 'COMSPEC': 'C:\\WINDOWS\\system32\\cmd.exe',
           'PATH': 'C:\\WINDOWS\\System32',
           'PATHEXT': '.COM;.EXE;.BAT;.CMD',
           'SystemDrive': 'C:',
           'SystemRoot': 'C:\\WINDOWS',
           'TEMP': 'C:\\Users\\li\\AppData\\Local\\Temp',
           'TMP': 'C:\\Users\\li\\AppData\\Local\\Temp',
           'USERPROFILE': 'C:\\Users\\li'},
  'ESCAPE': <function escape at 0x000002A16C035260>,
  'F03': 'gfortran',
  'F03COM': '$F03 -o $TARGET -c $FORTRANCOMMONFLAGS $F03FLAGS $_F03INCFLAGS '
            '$_FORTRANMODFLAG $SOURCES',
  'F03FLAGS': [],
  'F03PPCOM': '$F03 -o $TARGET -c $FORTRANCOMMONFLAGS $F03FLAGS $CPPFLAGS '
              '$_CPPDEFFLAGS $_F03INCFLAGS $_FORTRANMODFLAG $SOURCES',
  'F08': 'gfortran',
  'F08COM': '$F08 -o $TARGET -c $FORTRANCOMMONFLAGS $F08FLAGS $_F08INCFLAGS '
            '$_FORTRANMODFLAG $SOURCES',
  'F08FLAGS': [],
  'F08PPCOM': '$F08 -o $TARGET -c $FORTRANCOMMONFLAGS $F08FLAGS $CPPFLAGS '
              '$_CPPDEFFLAGS $_F08INCFLAGS $_FORTRANMODFLAG $SOURCES',
  'F77': 'gfortran',
  'F77COM': '$F77 -o $TARGET -c $FORTRANCOMMONFLAGS $F77FLAGS $_F77INCFLAGS '
            '$SOURCES',
  'F77FLAGS': [],
  'F77PPCOM': '$F77 -o $TARGET -c $FORTRANCOMMONFLAGS $F77FLAGS $CPPFLAGS '
              '$_CPPDEFFLAGS $_F77INCFLAGS $SOURCES',
  'F90': 'gfortran',
  'F90COM': '$F90 -o $TARGET -c $FORTRANCOMMONFLAGS $F90FLAGS $_F90INCFLAGS '
            '$_FORTRANMODFLAG $SOURCES',
  'F90FLAGS': [],
  'F90PPCOM': '$F90 -o $TARGET -c $FORTRANCOMMONFLAGS $F90FLAGS $CPPFLAGS '
              '$_CPPDEFFLAGS $_F90INCFLAGS $_FORTRANMODFLAG $SOURCES',
  'F95': 'gfortran',
  'F95COM': '$F95 -o $TARGET -c $FORTRANCOMMONFLAGS $F95FLAGS $_F95INCFLAGS '
            '$_FORTRANMODFLAG $SOURCES',
  'F95FLAGS': [],
  'F95PPCOM': '$F95 -o $TARGET -c $FORTRANCOMMONFLAGS $F95FLAGS $CPPFLAGS '
              '$_CPPDEFFLAGS $_F95INCFLAGS $_FORTRANMODFLAG $SOURCES',
  'FILE_ENCODING': 'utf-8',
  'FORTRAN': 'gfortran',
  'FORTRANCOM': '$FORTRAN -o $TARGET -c $FORTRANCOMMONFLAGS $FORTRANFLAGS '
                '$_FORTRANINCFLAGS $_FORTRANMODFLAG $SOURCES',
  'FORTRANFLAGS': [],
  'FORTRANMODDIR': '',
  'FORTRANMODDIRPREFIX': '-J',
  'FORTRANMODDIRSUFFIX': '',
  'FORTRANMODPREFIX': '',
  'FORTRANMODSUFFIX': '.mod',
  'FORTRANPPCOM': '$FORTRAN -o $TARGET -c $FORTRANCOMMONFLAGS $FORTRANFLAGS '
                  '$CPPFLAGS $_CPPDEFFLAGS $_FORTRANINCFLAGS $_FORTRANMODFLAG '
                  '$SOURCES',
  'FORTRANSUFFIXES': [ '.f',
                       '.for',
                       '.ftn',
                       '.F',
                       '.FOR',
                       '.FTN',
                       '.fpp',
                       '.FPP',
                       '.f77',
                       '.F77',
                       '.f90',
                       '.F90',
                       '.f95',
                       '.F95',
                       '.f03',
                       '.F03',
                       '.f08',
                       '.F08'],
  'File': <SCons.Defaults.Variable_Method_Caller object at 0x000002A16BEA3590>,
  'HOST_ARCH': 'x86_64',
  'HOST_OS': 'win32',
  'IDLSUFFIXES': ['.idl', '.IDL'],
  'INCF03PREFIX': '-I',
  'INCF03SUFFIX': '',
  'INCF08PREFIX': '-I',
  'INCF08SUFFIX': '',
  'INCF77PREFIX': '-I',
  'INCF77SUFFIX': '',
  'INCF90PREFIX': '-I',
  'INCF90SUFFIX': '',
  'INCF95PREFIX': '-I',
  'INCF95SUFFIX': '',
  'INCFORTRANPREFIX': '-I',
  'INCFORTRANSUFFIX': '',
  'INCPREFIX': '/I',
  'INCSUFFIX': '',
  'JAR': 'jar',
  'JARCOM': "${TEMPFILE('$_JARCOM','$JARCOMSTR')}",
  'JARFLAGS': ['cf'],
  'JARSUFFIX': '.jar',
  'JAVABOOTCLASSPATH': [],
  'JAVAC': 'javac',
  'JAVACCOM': "${TEMPFILE('$_JAVACCOM','$JAVACCOMSTR')}",
  'JAVACFLAGS': [],
  'JAVACLASSPATH': [],
  'JAVACLASSSUFFIX': '.class',
  'JAVAINCLUDES': [],
  'JAVAPROCESSORPATH': [],
  'JAVASOURCEPATH': [],
  'JAVASUFFIX': '.java',
  'LDMODULE': '$SHLINK',
  'LDMODULECOM': <SCons.Action.ListAction object at 0x000002A16C168490>,
  'LDMODULEEMITTER': [<function ldmodEmitter at 0x000002A16C152020>],
  'LDMODULEFLAGS': '$SHLINKFLAGS',
  'LDMODULEPREFIX': '$SHLIBPREFIX',
  'LDMODULESUFFIX': '$SHLIBSUFFIX',
  'LEXUNISTD': ['--nounistd'],
  'LIBDIRPREFIX': '/LIBPATH:',
  'LIBDIRSUFFIX': '',
  'LIBLINKPREFIX': '',
  'LIBLINKSUFFIX': '$LIBSUFFIX',
  'LIBLITERALPREFIX': '',
  'LIBPREFIX': '',
  'LIBPREFIXES': ['$LIBPREFIX'],
  'LIBSUFFIX': '.lib',
  'LIBSUFFIXES': ['$LIBSUFFIX'],
  'LINESEPARATOR': '\n',
  'LINK': 'link',
  'LINKCOM': <SCons.Action.ListAction object at 0x000002A16C168550>,
  'LINKFLAGS': ['/nologo'],
  'MAXLINELENGTH': 2048,
  'MSVC_SETUP_RUN': True,
  'MT': 'mt',
  'MTEXECOM': '-$MT $MTFLAGS -manifest ${TARGET}.manifest $_MANIFEST_SOURCES '
              '-outputresource:$TARGET;1',
  'MTFLAGS': ['/nologo'],
  'MTSHLIBCOM': '-$MT $MTFLAGS -manifest ${TARGET}.manifest $_MANIFEST_SOURCES '
                '-outputresource:$TARGET;2',
  'NINJA_DEPFILE_PARSE_FORMAT': 'msvc',
  'OBJPREFIX': '',
  'OBJSUFFIX': '.obj',
  'PCHCOM': '$CXX /Fo${TARGETS[1]} $CXXFLAGS $CCFLAGS $CPPFLAGS $_CPPDEFFLAGS '
            '$_CPPINCFLAGS /c $SOURCES /Yc$PCHSTOP /Fp${TARGETS[0]} '
            '$CCPDBFLAGS $PCHPDBFLAGS',
  'PCHPDBFLAGS': ['${(PDB and "/Yd") or ""}'],
  'PLATFORM': 'win32',
  'PROGEMITTER': [<function prog_emitter at 0x000002A16C1520C0>],
  'PROGPREFIX': '',
  'PROGSUFFIX': '.exe',
  'PSPAWN': <function piped_spawn at 0x000002A16BFD8540>,
  'RC': 'rc',
  'RCCOM': '$RC $_CPPDEFFLAGS $_CPPINCFLAGS $RCFLAGS /fo$TARGET $SOURCES',
  'RCFLAGS': ['/nologo'],
  'RCSUFFIXES': ['.rc', '.rc2'],
  'RDirs': <SCons.Defaults.Variable_Method_Caller object at 0x000002A16BEA35D0>,
  'REGSVR': 'C:\\WINDOWS\\System32\\regsvr32',
  'REGSVRACTION': <SCons.Action.FunctionAction object at 0x000002A16C157E50>,
  'REGSVRCOM': '$REGSVR $REGSVRFLAGS ${TARGET.windows}',
  'REGSVRFLAGS': '/s ',
  'RMIC': 'rmic',
  'RMICCOM': '$RMIC $RMICFLAGS -d ${TARGET.attributes.java_lookupdir} '
             '-classpath ${SOURCE.attributes.java_classdir} '
             '${SOURCES.attributes.java_classname}',
  'RMICFLAGS': [],
  'SCANNERS': [<SCons.Scanner.ScannerBase object at 0x000002A16BEA1F90>],
  'SHCC': '$CC',
  'SHCCCOM': '${TEMPFILE("$SHCC $_MSVC_OUTPUT_FLAG /c $CHANGED_SOURCES '
             '$SHCFLAGS $SHCCFLAGS $_CCCOMCOM","$SHCCCOMSTR")}',
  'SHCCFLAGS': ['$CCFLAGS'],
  'SHCFLAGS': ['$CFLAGS'],
  'SHCXX': '$CXX',
  'SHCXXCOM': '${TEMPFILE("$SHCXX $_MSVC_OUTPUT_FLAG /c $CHANGED_SOURCES '
              '$SHCXXFLAGS $SHCCFLAGS $_CCCOMCOM","$SHCXXCOMSTR")}',
  'SHCXXFLAGS': ['$CXXFLAGS'],
  'SHDC': '$DC',
  'SHDCOM': '$DC $_DINCFLAGS $_DVERFLAGS $_DDEBUGFLAGS $_DFLAGS $_DI_FLAGS -c '
            '-fPIC -of$TARGET $SOURCES',
  'SHDLINK': '$DC',
  'SHDLINKCOM': '$DLINK -of$TARGET $SHDLINKFLAGS $__SHDLIBVERSIONFLAGS '
                '$__DRPATH $SOURCES $_DLIBDIRFLAGS $_DLIBFLAGS',
  'SHDLINKFLAGS': ['$DLINKFLAGS', '-shared', '-defaultlib=libphobos2.so'],
  'SHELL': 'C:\\WINDOWS\\System32\\cmd.exe',
  'SHF03': '$F03',
  'SHF03COM': '$SHF03 -o $TARGET -c $FORTRANCOMMONFLAGS $SHF03FLAGS '
              '$_F03INCFLAGS $_FORTRANMODFLAG $SOURCES',
  'SHF03FLAGS': ['$F03FLAGS'],
  'SHF03PPCOM': '$SHF03 -o $TARGET -c $FORTRANCOMMONFLAGS $SHF03FLAGS '
                '$CPPFLAGS $_CPPDEFFLAGS $_F03INCFLAGS $_FORTRANMODFLAG '
                '$SOURCES',
  'SHF08': '$F08',
  'SHF08COM': '$SHF08 -o $TARGET -c $FORTRANCOMMONFLAGS $SHF08FLAGS '
              '$_F08INCFLAGS $_FORTRANMODFLAG $SOURCES',
  'SHF08FLAGS': ['$F08FLAGS'],
  'SHF08PPCOM': '$SHF08 -o $TARGET -c $FORTRANCOMMONFLAGS $SHF08FLAGS '
                '$CPPFLAGS $_CPPDEFFLAGS $_F08INCFLAGS $_FORTRANMODFLAG '
                '$SOURCES',
  'SHF77': '$F77',
  'SHF77COM': '$SHF77 -o $TARGET -c $FORTRANCOMMONFLAGS $SHF77FLAGS '
              '$_F77INCFLAGS $SOURCES',
  'SHF77FLAGS': ['$F77FLAGS'],
  'SHF77PPCOM': '$SHF77 -o $TARGET -c $FORTRANCOMMONFLAGS $SHF77FLAGS '
                '$CPPFLAGS $_CPPDEFFLAGS $_F77INCFLAGS $SOURCES',
  'SHF90': '$F90',
  'SHF90COM': '$SHF90 -o $TARGET -c $FORTRANCOMMONFLAGS $SHF90FLAGS '
              '$_F90INCFLAGS $_FORTRANMODFLAG $SOURCES',
  'SHF90FLAGS': ['$F90FLAGS'],
  'SHF90PPCOM': '$SHF90 -o $TARGET -c $FORTRANCOMMONFLAGS $SHF90FLAGS '
                '$CPPFLAGS $_CPPDEFFLAGS $_F90INCFLAGS $_FORTRANMODFLAG '
                '$SOURCES',
  'SHF95': '$F95',
  'SHF95COM': '$SHF95 -o $TARGET -c $FORTRANCOMMONFLAGS $SHF95FLAGS '
              '$_F95INCFLAGS $_FORTRANMODFLAG $SOURCES',
  'SHF95FLAGS': ['$F95FLAGS'],
  'SHF95PPCOM': '$SHF95 -o $TARGET -c $FORTRANCOMMONFLAGS $SHF95FLAGS '
                '$CPPFLAGS $_CPPDEFFLAGS $_F95INCFLAGS $_FORTRANMODFLAG '
                '$SOURCES',
  'SHFORTRAN': '$FORTRAN',
  'SHFORTRANCOM': '$SHFORTRAN -o $TARGET -c $FORTRANCOMMONFLAGS '
                  '$SHFORTRANFLAGS $_FORTRANINCFLAGS $_FORTRANMODFLAG $SOURCES',
  'SHFORTRANFLAGS': ['$FORTRANFLAGS'],
  'SHFORTRANPPCOM': '$SHFORTRAN -o $TARGET -c $FORTRANCOMMONFLAGS '
                    '$SHFORTRANFLAGS $CPPFLAGS $_CPPDEFFLAGS $_FORTRANINCFLAGS '
                    '$_FORTRANMODFLAG $SOURCES',
  'SHLIBEMITTER': [<function windowsLibEmitter at 0x000002A16C151F80>],
  'SHLIBPREFIX': '',
  'SHLIBSUFFIX': '.dll',
  'SHLINK': '$LINK',
  'SHLINKCOM': <SCons.Action.ListAction object at 0x000002A16BFE0150>,
  'SHLINKFLAGS': ['$LINKFLAGS', '/dll'],
  'SHOBJPREFIX': '$OBJPREFIX',
  'SHOBJSUFFIX': '$OBJSUFFIX',
  'SPAWN': <function spawn at 0x000002A16C0351C0>,
  'STATIC_AND_SHARED_OBJECTS_ARE_THE_SAME': 1,
  'SUBSTFILEPREFIX': '',
  'SUBSTFILESUFFIX': '',
  'TAR': 'tar',
  'TARCOM': '$TAR $TARFLAGS -f $TARGET $SOURCES',
  'TARFLAGS': ['-c'],
  'TARGET_ARCH': None,
  'TARGET_OS': None,
  'TARSUFFIX': '.tar',
  'TEMPFILE': <class 'SCons.Platform.TempFileMunge'>,
  'TEMPFILEARGESCFUNC': <function quote_spaces at 0x000002A16B8B3600>,
  'TEMPFILEARGJOIN': '\r\n',
  'TEMPFILEPREFIX': '@',
  'TEXTFILEPREFIX': '',
  'TEXTFILESUFFIX': '.txt',
  'TOOLS': [ 'default',
             'mslink',
             'msvc',
             'gfortran',
             'masm',
             'mslib',
             'dmd',
             'filesystem',
             'jar',
             'javac',
             'rmic',
             'tar',
             'zip',
             'textfile'],
  'VSWHERE': None,
  'WINDOWSDEFPREFIX': '',
  'WINDOWSDEFSUFFIX': '.def',
  'WINDOWSEXPPREFIX': '',
  'WINDOWSEXPSUFFIX': '.exp',
  'WINDOWSPROGMANIFESTPREFIX': '',
  'WINDOWSPROGMANIFESTSUFFIX': '${PROGSUFFIX}.manifest',
  'WINDOWSSHLIBMANIFESTPREFIX': '',
  'WINDOWSSHLIBMANIFESTSUFFIX': '${SHLIBSUFFIX}.manifest',
  'WINDOWS_EMBED_MANIFEST': 0,
  'WINDOWS_INSERT_DEF': 0,
  'WIXCANDLE': 'candle.exe',
  'WIXLIGHT': 'light.exe',
  'ZIP': 'zip',
  'ZIPCOM': <SCons.Action.FunctionAction object at 0x000002A16C1E02D0>,
  'ZIPCOMPRESSION': 8,
  'ZIPFLAGS': [],
  'ZIPROOT': [],
  'ZIPSUFFIX': '.zip',
  '_CCCOMCOM': '$CPPFLAGS $_CPPDEFFLAGS $_CPPINCFLAGS $CCPCHFLAGS $CCPDBFLAGS',
  '_CPPDEFFLAGS': '${_defines(CPPDEFPREFIX, CPPDEFINES, CPPDEFSUFFIX, __env__, '
                  'TARGET, SOURCE)}',
  '_CPPINCFLAGS': '${_concat(INCPREFIX, CPPPATH, INCSUFFIX, __env__, RDirs, '
                  'TARGET, SOURCE, affect_signature=False)}',
  '_DDEBUGFLAGS': '${_concat(DDEBUGPREFIX, DDEBUG, DDEBUGSUFFIX, __env__)}',
  '_DFLAGS': '${_concat(DFLAGPREFIX, DFLAGS, DFLAGSUFFIX, __env__)}',
  '_DINCFLAGS': '${_concat(DINCPREFIX, DPATH, DINCSUFFIX, __env__, RDirs, '
                'TARGET, SOURCE)}',
  '_DI_FLAGS': '${DI_FILE_DIR and '
               'DI_FILE_DIR_PREFIX+DI_FILE_DIR+DI_FILE_DIR_SUFFFIX}',
  '_DLIBDIRFLAGS': '${_concat(DLIBDIRPREFIX, LIBPATH, DLIBDIRSUFFIX, __env__, '
                   'RDirs, TARGET, SOURCE)}',
  '_DLIBFLAGS': '${_stripixes(DLIBLINKPREFIX, LIBS, DLIBLINKSUFFIX, '
                'LIBPREFIXES, LIBSUFFIXES,  __env__, LIBLITERALPREFIX)}',
  '_DRPATH': '${_concat(DRPATHPREFIX, RPATH, DRPATHSUFFIX, __env__)}',
  '_DVERFLAGS': '${_concat(DVERPREFIX, DVERSIONS, DVERSUFFIX, __env__)}',
  '_F03INCFLAGS': '${_concat(INCF03PREFIX, F03PATH, INCF03SUFFIX, __env__, '
                  'RDirs, TARGET, SOURCE, affect_signature=False)}',
  '_F08INCFLAGS': '${_concat(INCF08PREFIX, F08PATH, INCF08SUFFIX, __env__, '
                  'RDirs, TARGET, SOURCE, affect_signature=False)}',
  '_F77INCFLAGS': '${_concat(INCF77PREFIX, F77PATH, INCF77SUFFIX, __env__, '
                  'RDirs, TARGET, SOURCE, affect_signature=False)}',
  '_F90INCFLAGS': '${_concat(INCF90PREFIX, F90PATH, INCF90SUFFIX, __env__, '
                  'RDirs, TARGET, SOURCE, affect_signature=False)}',
  '_F95INCFLAGS': '${_concat(INCF95PREFIX, F95PATH, INCF95SUFFIX, __env__, '
                  'RDirs, TARGET, SOURCE, affect_signature=False)}',
  '_FORTRANINCFLAGS': '${_concat(INCFORTRANPREFIX, FORTRANPATH, '
                      'INCFORTRANSUFFIX, __env__, RDirs, TARGET, SOURCE, '
                      'affect_signature=False)}',
  '_FORTRANMODFLAG': '$( ${_concat(FORTRANMODDIRPREFIX, FORTRANMODDIR, '
                     'FORTRANMODDIRSUFFIX, __env__, RDirs, TARGET, SOURCE)} $)',
  '_JARCOM': '$JAR $_JARFLAGS $TARGET $_JARMANIFEST $_JARSOURCES',
  '_JARFLAGS': <function jarFlags at 0x000002A16C1F2CA0>,
  '_JARMANIFEST': <function jarManifest at 0x000002A16C1F1620>,
  '_JARSOURCES': <function jarSources at 0x000002A16C1F1300>,
  '_JAVABOOTCLASSPATH': '${_javapathopt("-bootclasspath", '
                        '"JAVABOOTCLASSPATH")} ',
  '_JAVACCOM': '$JAVAC $JAVACFLAGS $_JAVABOOTCLASSPATH $_JAVAPROCESSORPATH '
               '$_JAVACLASSPATH -d ${TARGET.attributes.java_classdir} '
               '$_JAVASOURCEPATH $SOURCES',
  '_JAVACLASSPATH': '${_javapathopt("-classpath", "JAVACLASSPATH")} ',
  '_JAVAPROCESSORPATH': '${_javapathopt("-processorpath", '
                        '"JAVAPROCESSORPATH")} ',
  '_JAVASOURCEPATH': '${_javapathopt("-sourcepath", "JAVASOURCEPATH", '
                     '"_JAVASOURCEPATHDEFAULT")} ',
  '_JAVASOURCEPATHDEFAULT': '${TARGET.attributes.java_sourcedir}',
  '_LDMODULE_SOURCES': <function _windowsLdmodSources at 0x000002A16C151E40>,
  '_LDMODULE_TARGETS': <function _windowsLdmodTargets at 0x000002A16C151DA0>,
  '_LIBDIRFLAGS': '${_concat(LIBDIRPREFIX, LIBPATH, LIBDIRSUFFIX, __env__, '
                  'RDirs, TARGET, SOURCE, affect_signature=False)}',
  '_LIBFLAGS': '${_concat(LIBLINKPREFIX, LIBS, LIBLINKSUFFIX, __env__)}',
  '_MANIFEST_SOURCES': None,
  '_MSVC_OUTPUT_FLAG': <function msvc_output_flag at 0x000002A16C14B060>,
  '_PDB': <function pdbGenerator at 0x000002A16C151A80>,
  '_SHDLIBVERSIONFLAGS': '$SHDLIBVERSIONFLAGS -L-soname=$_SHLIBSONAME',
  '_SHLINK_SOURCES': <function windowsShlinkSources at 0x000002A16C151D00>,
  '_SHLINK_TARGETS': <function windowsShlinkTargets at 0x000002A16C151C60>,
  '__DSHLIBVERSIONFLAGS': '${__libversionflags(__env__,"DSHLIBVERSION","_DSHLIBVERSIONFLAGS")}',
  '__LDMODULEVERSIONFLAGS': '${__libversionflags(__env__,"LDMODULEVERSION","_LDMODULEVERSIONFLAGS")}',
  '__SHLIBVERSIONFLAGS': '${__libversionflags(__env__,"SHLIBVERSION","_SHLIBVERSIONFLAGS")}',
  '__lib_either_version_flag': <function __lib_either_version_flag at 0x000002A16BEA8860>,
  '__libversionflags': <function __libversionflags at 0x000002A16BEA8540>,
  '_concat': <function _concat at 0x000002A16BEA8220>,
  '_defines': <function _defines at 0x000002A16BEA84A0>,
  '_javapathopt': <class 'SCons.Tool.javac.pathopt'>,
  '_stripixes': <function _stripixes at 0x000002A16BEA8360>}
