{ 'AR': 'ar',
  'ARCOM': '$AR $ARFLAGS $TARGET $SOURCES',
  'ARFLAGS': ['rc'],
  'AS': 'as',
  'ASCOM': '$AS $ASFLAGS -o $TARGET $SOURCES',
  'ASFLAGS': [],
  'ASPPCOM': '$CC $ASPPFLAGS $CPPFLAGS $_CPPDEFFLAGS $_CPPINCFLAGS -c -o '
             '$TARGET $SOURCES',
  'ASPPFLAGS': '$ASFLAGS',
  'BUILDERS': { 'CFile': <SCons.Builder.CompositeBuilder object at 0x7f577b236380>,
                'CXXFile': <SCons.Builder.CompositeBuilder object at 0x7f577b236500>,
                'CopyAs': <SCons.Builder.BuilderBase object at 0x7f577b2361d0>,
                'CopyTo': <SCons.Builder.BuilderBase object at 0x7f577b2361a0>,
                'JarFile': <SCons.Builder.BuilderBase object at 0x7f577b236b90>,
                'JavaClassDir': <SCons.Builder.BuilderBase object at 0x7f577b236e90>,
                'JavaClassFile': <SCons.Builder.BuilderBase object at 0x7f577b236dd0>,
                'JavaFile': <SCons.Builder.CompositeBuilder object at 0x7f577b236ce0>,
                'Library': <SCons.Builder.BuilderBase object at 0x7f577b235cc0>,
                'LoadableModule': <SCons.Builder.BuilderBase object at 0x7f577b234730>,
                'M4': <SCons.Builder.BuilderBase object at 0x7f577b236050>,
                'Object': <SCons.Builder.CompositeBuilder object at 0x7f577b234910>,
                'Program': <SCons.Builder.BuilderBase object at 0x7f577b234460>,
                'ProgramAllAtOnce': <SCons.Builder.BuilderBase object at 0x7f577b235ed0>,
                'RMIC': <SCons.Builder.BuilderBase object at 0x7f577b1e4af0>,
                'RPCGenClient': <SCons.Builder.BuilderBase object at 0x7f577b2365c0>,
                'RPCGenHeader': <SCons.Builder.BuilderBase object at 0x7f577b236680>,
                'RPCGenService': <SCons.Builder.BuilderBase object at 0x7f577b2366e0>,
                'RPCGenXDR': <SCons.Builder.BuilderBase object at 0x7f577b2367d0>,
                'SharedLibrary': <SCons.Builder.BuilderBase object at 0x7f577b234520>,
                'SharedObject': <SCons.Builder.CompositeBuilder object at 0x7f577b234ac0>,
                'StaticLibrary': <SCons.Builder.BuilderBase object at 0x7f577b235cc0>,
                'StaticObject': <SCons.Builder.CompositeBuilder object at 0x7f577b234910>,
                'Substfile': <SCons.Builder.BuilderBase object at 0x7f577b2342b0>,
                'Tar': <SCons.Builder.BuilderBase object at 0x7f577b1e5d50>,
                'Textfile': <SCons.Builder.BuilderBase object at 0x7f577b234250>,
                'Zip': <SCons.Builder.BuilderBase object at 0x7f577b1e5ff0>},
  'CC': 'gcc',
  'CCCOM': '$CC -o $TARGET -c $CFLAGS $CCFLAGS $_CCCOMCOM $SOURCES',
  'CCDEPFLAGS': '-MMD -MF ${TARGET}.d',
  'CCFLAGS': [],
  'CCVERSION': '11.3.0',
  'CFILESUFFIX': '.c',
  'CFLAGS': [],
  'CONFIGUREDIR': '#/.sconf_temp',
  'CONFIGURELOG': '#/config.log',
  'COPYSTR': 'Copy file(s): "$SOURCES" to "$TARGETS"',
  'CPPDEFPREFIX': '-D',
  'CPPDEFSUFFIX': '',
  'CPPSUFFIXES': [ '.c',
                   '.C',
                   '.cxx',
                   '.cpp',
                   '.c++',
                   '.cc',
                   '.h',
                   '.H',
                   '.hxx',
                   '.hpp',
                   '.hh',
                   '.F',
                   '.fpp',
                   '.FPP',
                   '.m',
                   '.mm',
                   '.S',
                   '.spp',
                   '.SPP',
                   '.sx'],
  'CXX': 'g++',
  'CXXCOM': '$CXX -o $TARGET -c $CXXFLAGS $CCFLAGS $_CCCOMCOM $SOURCES',
  'CXXFILESUFFIX': '.cc',
  'CXXFLAGS': [],
  'CXXVERSION': '11.3.0',
  'DC': 'dmd',
  'DCOM': '$DC $_DINCFLAGS $_DVERFLAGS $_DDEBUGFLAGS $_DFLAGS -c -of$TARGET '
          '$SOURCES',
  'DDEBUG': [],
  'DDEBUGPREFIX': '-debug=',
  'DDEBUGSUFFIX': '',
  'DFILESUFFIX': '.d',
  'DFLAGPREFIX': '-',
  'DFLAGS': [],
  'DFLAGSUFFIX': '',
  'DINCPREFIX': '-I',
  'DINCSUFFIX': '',
  'DLIB': 'ar cr',
  'DLIBCOM': '$DLIB $_DLIBFLAGS $TARGET $SOURCES $_DLIBFLAGS',
  'DLIBDIRPREFIX': '-L-L',
  'DLIBDIRSUFFIX': '',
  'DLIBFLAGPREFIX': '-',
  'DLIBFLAGSUFFIX': '',
  'DLIBLINKPREFIX': '-L-l',
  'DLIBLINKSUFFIX': '',
  'DLINK': '$DC',
  'DLINKCOM': '$DLINK -of$TARGET $DLINKFLAGS $__DRPATH $SOURCES $_DLIBDIRFLAGS '
              '$_DLIBFLAGS',
  'DLINKFLAGS': [],
  'DPATH': ['#/'],
  'DRPATHPREFIX': '-L-rpath=',
  'DRPATHSUFFIX': '',
  'DSUFFIXES': ['.d'],
  'DVERPREFIX': '-version=',
  'DVERSIONS': [],
  'DVERSUFFIX': '',
  'Dir': <SCons.Defaults.Variable_Method_Caller object at 0x7f577b6f3f70>,
  'Dirs': <SCons.Defaults.Variable_Method_Caller object at 0x7f577b6f3fa0>,
  'ENV': {'PATH': '/usr/local/bin:/opt/bin:/bin:/usr/bin:/snap/bin'},
  'ESCAPE': <function escape at 0x7f577b2d6200>,
  'F03': 'gfortran',
  'F03COM': '$F03 -o $TARGET -c $FORTRANCOMMONFLAGS $F03FLAGS $_F03INCFLAGS '
            '$_FORTRANMODFLAG $SOURCES',
  'F03FLAGS': [],
  'F03PPCOM': '$F03 -o $TARGET -c $FORTRANCOMMONFLAGS $F03FLAGS $CPPFLAGS '
              '$_CPPDEFFLAGS $_F03INCFLAGS $_FORTRANMODFLAG $SOURCES',
  'F08': 'gfortran',
  'F08COM': '$F08 -o $TARGET -c $FORTRANCOMMONFLAGS $F08FLAGS $_F08INCFLAGS '
            '$_FORTRANMODFLAG $SOURCES',
  'F08FLAGS': [],
  'F08PPCOM': '$F08 -o $TARGET -c $FORTRANCOMMONFLAGS $F08FLAGS $CPPFLAGS '
              '$_CPPDEFFLAGS $_F08INCFLAGS $_FORTRANMODFLAG $SOURCES',
  'F77': 'gfortran',
  'F77COM': '$F77 -o $TARGET -c $FORTRANCOMMONFLAGS $F77FLAGS $_F77INCFLAGS '
            '$SOURCES',
  'F77FLAGS': [],
  'F77PPCOM': '$F77 -o $TARGET -c $FORTRANCOMMONFLAGS $F77FLAGS $CPPFLAGS '
              '$_CPPDEFFLAGS $_F77INCFLAGS $SOURCES',
  'F90': 'gfortran',
  'F90COM': '$F90 -o $TARGET -c $FORTRANCOMMONFLAGS $F90FLAGS $_F90INCFLAGS '
            '$_FORTRANMODFLAG $SOURCES',
  'F90FLAGS': [],
  'F90PPCOM': '$F90 -o $TARGET -c $FORTRANCOMMONFLAGS $F90FLAGS $CPPFLAGS '
              '$_CPPDEFFLAGS $_F90INCFLAGS $_FORTRANMODFLAG $SOURCES',
  'F95': 'gfortran',
  'F95COM': '$F95 -o $TARGET -c $FORTRANCOMMONFLAGS $F95FLAGS $_F95INCFLAGS '
            '$_FORTRANMODFLAG $SOURCES',
  'F95FLAGS': [],
  'F95PPCOM': '$F95 -o $TARGET -c $FORTRANCOMMONFLAGS $F95FLAGS $CPPFLAGS '
              '$_CPPDEFFLAGS $_F95INCFLAGS $_FORTRANMODFLAG $SOURCES',
  'FILE_ENCODING': 'utf-8',
  'FORTRAN': 'f77',
  'FORTRANCOM': '$FORTRAN -o $TARGET -c $FORTRANCOMMONFLAGS $FORTRANFLAGS '
                '$_FORTRANINCFLAGS $_FORTRANMODFLAG $SOURCES',
  'FORTRANFLAGS': [],
  'FORTRANMODDIR': '',
  'FORTRANMODDIRPREFIX': '-J',
  'FORTRANMODDIRSUFFIX': '',
  'FORTRANMODPREFIX': '',
  'FORTRANMODSUFFIX': '.mod',
  'FORTRANPPCOM': '$FORTRAN -o $TARGET -c $FORTRANCOMMONFLAGS $FORTRANFLAGS '
                  '$CPPFLAGS $_CPPDEFFLAGS $_FORTRANINCFLAGS $_FORTRANMODFLAG '
                  '$SOURCES',
  'FORTRANSUFFIXES': [ '.f',
                       '.for',
                       '.ftn',
                       '.fpp',
                       '.FPP',
                       '.F',
                       '.FOR',
                       '.FTN',
                       '.f77',
                       '.F77',
                       '.f90',
                       '.F90',
                       '.f95',
                       '.F95',
                       '.f03',
                       '.F03',
                       '.f08',
                       '.F08'],
  'FRAMEWORKPATH': [],
  'FRAMEWORKS': [],
  'File': <SCons.Defaults.Variable_Method_Caller object at 0x7f577b720040>,
  'HOST_ARCH': 'x86_64',
  'HOST_OS': 'posix',
  'IDLSUFFIXES': ['.idl', '.IDL'],
  'INCF03PREFIX': '-I',
  'INCF03SUFFIX': '',
  'INCF08PREFIX': '-I',
  'INCF08SUFFIX': '',
  'INCF77PREFIX': '-I',
  'INCF77SUFFIX': '',
  'INCF90PREFIX': '-I',
  'INCF90SUFFIX': '',
  'INCF95PREFIX': '-I',
  'INCF95SUFFIX': '',
  'INCFORTRANPREFIX': '$INCPREFIX',
  'INCFORTRANSUFFIX': '$INCSUFFIX',
  'INCPREFIX': '-I',
  'INCSUFFIX': '',
  'JAR': 'jar',
  'JARCOM': "${TEMPFILE('$_JARCOM','$JARCOMSTR')}",
  'JARFLAGS': ['cf'],
  'JARSUFFIX': '.jar',
  'JAVABOOTCLASSPATH': [],
  'JAVAC': 'javac',
  'JAVACCOM': "${TEMPFILE('$_JAVACCOM','$JAVACCOMSTR')}",
  'JAVACFLAGS': [],
  'JAVACLASSPATH': [],
  'JAVACLASSSUFFIX': '.class',
  'JAVAINCLUDES': [],
  'JAVAPROCESSORPATH': [],
  'JAVASOURCEPATH': [],
  'JAVASUFFIX': '.java',
  'LDMODULE': '$SHLINK',
  'LDMODULECOM': '$LDMODULE -o $TARGET $LDMODULEFLAGS $__LDMODULEVERSIONFLAGS '
                 '$__RPATH $SOURCES $_LIBDIRFLAGS $_LIBFLAGS ',
  'LDMODULEEMITTER': [ <function lib_emitter at 0x7f577b706830>,
                       <function ldmod_symlink_emitter at 0x7f577b38d6c0>],
  'LDMODULEFLAGS': '$SHLINKFLAGS',
  'LDMODULENAME': '${LDMODULEPREFIX}$_get_ldmodule_stem${_LDMODULESUFFIX}',
  'LDMODULENOVERSIONSYMLINKS': '$SHLIBNOVERSIONSYMLINKS',
  'LDMODULEPREFIX': '$SHLIBPREFIX',
  'LDMODULESUFFIX': '$SHLIBSUFFIX',
  'LDMODULEVERSION': '$SHLIBVERSION',
  'LDMODULE_NOVERSION_SYMLINK': '$_get_shlib_dir${LDMODULEPREFIX}$_get_ldmodule_stem${LDMODULESUFFIX}',
  'LDMODULE_SONAME_SYMLINK': '$_get_shlib_dir$_LDMODULESONAME',
  'LEX': 'flex',
  'LEXCOM': '$LEX $LEXFLAGS $_LEX_HEADER $_LEX_TABLES -t $SOURCES > $TARGET',
  'LEXFLAGS': [],
  'LEX_HEADER_FILE': '',
  'LEX_TABLES_FILE': '',
  'LIBDIRPREFIX': '-L',
  'LIBDIRSUFFIX': '',
  'LIBLINKPREFIX': '-l',
  'LIBLINKSUFFIX': '',
  'LIBPREFIX': 'lib',
  'LIBPREFIXES': ['$LIBPREFIX'],
  'LIBSUFFIX': '.a',
  'LIBSUFFIXES': ['$LIBSUFFIX', '$SHLIBSUFFIX'],
  'LINESEPARATOR': '\n',
  'LINK': '$SMARTLINK',
  'LINKCOM': '$LINK -o $TARGET $LINKFLAGS $__RPATH $SOURCES $_LIBDIRFLAGS '
             '$_LIBFLAGS',
  'LINKFLAGS': [],
  'M4': 'm4',
  'M4COM': 'cd ${SOURCE.rsrcdir} && $M4 $M4FLAGS < ${SOURCE.file} > '
           '${TARGET.abspath}',
  'M4FLAGS': ['-E'],
  'MAXLINELENGTH': 128072,
  'NINJA_DEPFILE_PARSE_FORMAT': 'gcc',
  'OBJPREFIX': '',
  'OBJSUFFIX': '.o',
  'PLATFORM': 'posix',
  'PROGPREFIX': '',
  'PROGSUFFIX': '',
  'PSPAWN': <function piped_env_spawn at 0x7f577b38c3a0>,
  'RANLIB': 'ranlib',
  'RANLIBCOM': '$RANLIB $RANLIBFLAGS $TARGET',
  'RANLIBFLAGS': [],
  'RDirs': <SCons.Defaults.Variable_Method_Caller object at 0x7f577b7200a0>,
  'RMIC': 'rmic',
  'RMICCOM': '$RMIC $RMICFLAGS -d ${TARGET.attributes.java_lookupdir} '
             '-classpath ${SOURCE.attributes.java_classdir} '
             '${SOURCES.attributes.java_classname}',
  'RMICFLAGS': [],
  'RPATHPREFIX': '-Wl,-rpath=',
  'RPATHSUFFIX': '',
  'RPCGEN': 'rpcgen',
  'RPCGENCLIENTFLAGS': [],
  'RPCGENFLAGS': [],
  'RPCGENHEADERFLAGS': [],
  'RPCGENSERVICEFLAGS': [],
  'RPCGENXDRFLAGS': [],
  'SCANNERS': [<SCons.Scanner.ScannerBase object at 0x7f577b6f3820>],
  'SHCC': '$CC',
  'SHCCCOM': '$SHCC -o $TARGET -c $SHCFLAGS $SHCCFLAGS $_CCCOMCOM $SOURCES',
  'SHCCFLAGS': ['$CCFLAGS', '-fPIC'],
  'SHCFLAGS': ['$CFLAGS'],
  'SHCXX': '$CXX',
  'SHCXXCOM': '$SHCXX -o $TARGET -c $SHCXXFLAGS $SHCCFLAGS $_CCCOMCOM $SOURCES',
  'SHCXXFLAGS': ['$CXXFLAGS'],
  'SHDC': '$DC',
  'SHDCOM': '$DC $_DINCFLAGS $_DVERFLAGS $_DDEBUGFLAGS $_DFLAGS -c -fPIC '
            '-of$TARGET $SOURCES',
  'SHDLINK': '$DC',
  'SHDLINKCOM': '$DLINK -of$TARGET $SHDLINKFLAGS $__SHDLIBVERSIONFLAGS '
                '$__DRPATH $SOURCES $_DLIBDIRFLAGS $_DLIBFLAGS',
  'SHDLINKFLAGS': ['$DLINKFLAGS', '-shared', '-defaultlib=libphobos2.so'],
  'SHELL': 'sh',
  'SHF03': '$F03',
  'SHF03COM': '$SHF03 -o $TARGET -c $FORTRANCOMMONFLAGS $SHF03FLAGS '
              '$_F03INCFLAGS $_FORTRANMODFLAG $SOURCES',
  'SHF03FLAGS': ['$F03FLAGS', '-fPIC'],
  'SHF03PPCOM': '$SHF03 -o $TARGET -c $FORTRANCOMMONFLAGS $SHF03FLAGS '
                '$CPPFLAGS $_CPPDEFFLAGS $_F03INCFLAGS $_FORTRANMODFLAG '
                '$SOURCES',
  'SHF08': '$F08',
  'SHF08COM': '$SHF08 -o $TARGET -c $FORTRANCOMMONFLAGS $SHF08FLAGS '
              '$_F08INCFLAGS $_FORTRANMODFLAG $SOURCES',
  'SHF08FLAGS': ['$F08FLAGS', '-fPIC'],
  'SHF08PPCOM': '$SHF08 -o $TARGET -c $FORTRANCOMMONFLAGS $SHF08FLAGS '
                '$CPPFLAGS $_CPPDEFFLAGS $_F08INCFLAGS $_FORTRANMODFLAG '
                '$SOURCES',
  'SHF77': '$F77',
  'SHF77COM': '$SHF77 -o $TARGET -c $FORTRANCOMMONFLAGS $SHF77FLAGS '
              '$_F77INCFLAGS $SOURCES',
  'SHF77FLAGS': ['$F77FLAGS', '-fPIC'],
  'SHF77PPCOM': '$SHF77 -o $TARGET -c $FORTRANCOMMONFLAGS $SHF77FLAGS '
                '$CPPFLAGS $_CPPDEFFLAGS $_F77INCFLAGS $SOURCES',
  'SHF90': '$F90',
  'SHF90COM': '$SHF90 -o $TARGET -c $FORTRANCOMMONFLAGS $SHF90FLAGS '
              '$_F90INCFLAGS $_FORTRANMODFLAG $SOURCES',
  'SHF90FLAGS': ['$F90FLAGS', '-fPIC'],
  'SHF90PPCOM': '$SHF90 -o $TARGET -c $FORTRANCOMMONFLAGS $SHF90FLAGS '
                '$CPPFLAGS $_CPPDEFFLAGS $_F90INCFLAGS $_FORTRANMODFLAG '
                '$SOURCES',
  'SHF95': '$F95',
  'SHF95COM': '$SHF95 -o $TARGET -c $FORTRANCOMMONFLAGS $SHF95FLAGS '
              '$_F95INCFLAGS $_FORTRANMODFLAG $SOURCES',
  'SHF95FLAGS': ['$F95FLAGS', '-fPIC'],
  'SHF95PPCOM': '$SHF95 -o $TARGET -c $FORTRANCOMMONFLAGS $SHF95FLAGS '
                '$CPPFLAGS $_CPPDEFFLAGS $_F95INCFLAGS $_FORTRANMODFLAG '
                '$SOURCES',
  'SHFORTRAN': '$FORTRAN',
  'SHFORTRANCOM': '$SHFORTRAN -o $TARGET -c $FORTRANCOMMONFLAGS '
                  '$SHFORTRANFLAGS $_FORTRANINCFLAGS $_FORTRANMODFLAG $SOURCES',
  'SHFORTRANFLAGS': ['$FORTRANFLAGS'],
  'SHFORTRANPPCOM': '$SHFORTRAN -o $TARGET -c $FORTRANCOMMONFLAGS '
                    '$SHFORTRANFLAGS $CPPFLAGS $_CPPDEFFLAGS $_FORTRANINCFLAGS '
                    '$_FORTRANMODFLAG $SOURCES',
  'SHLIBEMITTER': [ <function lib_emitter at 0x7f577b706830>,
                    <function shlib_symlink_emitter at 0x7f577b38d990>],
  'SHLIBNAME': '${_get_shlib_dir}${SHLIBPREFIX}$_get_shlib_stem${_SHLIBSUFFIX}',
  'SHLIBPREFIX': '$LIBPREFIX',
  'SHLIBSONAMEFLAGS': '-Wl,-soname=$_SHLIBSONAME',
  'SHLIBSUFFIX': '.so',
  'SHLIB_NOVERSION_SYMLINK': '${_get_shlib_dir}${SHLIBPREFIX}$_get_shlib_stem${SHLIBSUFFIX}',
  'SHLIB_SONAME_SYMLINK': '${_get_shlib_dir}$_SHLIBSONAME',
  'SHLINK': '$LINK',
  'SHLINKCOM': '$SHLINK -o $TARGET $SHLINKFLAGS $__SHLIBVERSIONFLAGS $__RPATH '
               '$SOURCES $_LIBDIRFLAGS $_LIBFLAGS',
  'SHLINKFLAGS': ['$LINKFLAGS', '-shared'],
  'SHOBJPREFIX': '$OBJPREFIX',
  'SHOBJSUFFIX': '.os',
  'SMARTLINK': <function smart_link at 0x7f577b7067a0>,
  'SPAWN': <function subprocess_spawn at 0x7f577b38c280>,
  'STATIC_AND_SHARED_OBJECTS_ARE_THE_SAME': 0,
  'SUBSTFILEPREFIX': '',
  'SUBSTFILESUFFIX': '',
  'TAR': 'tar',
  'TARCOM': '$TAR $TARFLAGS -f $TARGET $SOURCES',
  'TARFLAGS': ['-c'],
  'TARGET_ARCH': None,
  'TARGET_OS': None,
  'TARSUFFIX': '.tar',
  'TEMPFILE': <class 'SCons.Platform.TempFileMunge'>,
  'TEMPFILEARGESCFUNC': <function quote_spaces at 0x7f577b83dab0>,
  'TEMPFILEARGJOIN': ' ',
  'TEMPFILEPREFIX': '@',
  'TEXTFILEPREFIX': '',
  'TEXTFILESUFFIX': '.txt',
  'TOOLS': [ 'default',
             'gnulink',
             'gcc',
             'g++',
             'gfortran',
             'gas',
             'ar',
             'dmd',
             'm4',
             'filesystem',
             'lex',
             'yacc',
             'rpcgen',
             'jar',
             'javac',
             'rmic',
             'tar',
             'zip',
             'textfile'],
  'YACC': 'bison',
  'YACCCOM': '$YACC $YACCFLAGS $_YACC_HEADER $_YACC_GRAPH -o $TARGET $SOURCES',
  'YACCFLAGS': [],
  'YACCHFILESUFFIX': '.h',
  'YACCHXXFILESUFFIX': '.hpp',
  'YACCVCGFILESUFFIX': '.vcg',
  'YACC_GRAPH_FILE': '',
  'YACC_HEADER_FILE': '',
  'ZIP': 'zip',
  'ZIPCOM': <SCons.Action.FunctionAction object at 0x7f577b1e5ea0>,
  'ZIPCOMPRESSION': 8,
  'ZIPFLAGS': [],
  'ZIPROOT': [],
  'ZIPSUFFIX': '.zip',
  '_CCCOMCOM': '$CPPFLAGS $_CPPDEFFLAGS $_CPPINCFLAGS',
  '_CPPDEFFLAGS': '${_defines(CPPDEFPREFIX, CPPDEFINES, CPPDEFSUFFIX, __env__, '
                  'TARGET, SOURCE)}',
  '_CPPINCFLAGS': '${_concat(INCPREFIX, CPPPATH, INCSUFFIX, __env__, RDirs, '
                  'TARGET, SOURCE, affect_signature=False)}',
  '_DDEBUGFLAGS': '${_concat(DDEBUGPREFIX, DDEBUG, DDEBUGSUFFIX, __env__)}',
  '_DFLAGS': '${_concat(DFLAGPREFIX, DFLAGS, DFLAGSUFFIX, __env__)}',
  '_DINCFLAGS': '${_concat(DINCPREFIX, DPATH, DINCSUFFIX, __env__, RDirs, '
                'TARGET, SOURCE)}',
  '_DLIBDIRFLAGS': '${_concat(DLIBDIRPREFIX, LIBPATH, DLIBDIRSUFFIX, __env__, '
                   'RDirs, TARGET, SOURCE)}',
  '_DLIBFLAGS': '${_stripixes(DLIBLINKPREFIX, LIBS, DLIBLINKSUFFIX, '
                'LIBPREFIXES, LIBSUFFIXES,  __env__)}',
  '_DRPATH': '${_concat(DRPATHPREFIX, RPATH, DRPATHSUFFIX, __env__)}',
  '_DVERFLAGS': '${_concat(DVERPREFIX, DVERSIONS, DVERSUFFIX, __env__)}',
  '_F03INCFLAGS': '${_concat(INCF03PREFIX, F03PATH, INCF03SUFFIX, __env__, '
                  'RDirs, TARGET, SOURCE, affect_signature=False)}',
  '_F08INCFLAGS': '${_concat(INCF08PREFIX, F08PATH, INCF08SUFFIX, __env__, '
                  'RDirs, TARGET, SOURCE, affect_signature=False)}',
  '_F77INCFLAGS': '${_concat(INCF77PREFIX, F77PATH, INCF77SUFFIX, __env__, '
                  'RDirs, TARGET, SOURCE, affect_signature=False)}',
  '_F90INCFLAGS': '${_concat(INCF90PREFIX, F90PATH, INCF90SUFFIX, __env__, '
                  'RDirs, TARGET, SOURCE, affect_signature=False)}',
  '_F95INCFLAGS': '${_concat(INCF95PREFIX, F95PATH, INCF95SUFFIX, __env__, '
                  'RDirs, TARGET, SOURCE, affect_signature=False)}',
  '_FORTRANINCFLAGS': '${_concat(INCFORTRANPREFIX, FORTRANPATH, '
                      'INCFORTRANSUFFIX, __env__, RDirs, TARGET, SOURCE, '
                      'affect_signature=False)}',
  '_FORTRANMODFLAG': '$( ${_concat(FORTRANMODDIRPREFIX, FORTRANMODDIR, '
                     'FORTRANMODDIRSUFFIX, __env__, RDirs, TARGET, SOURCE)} $)',
  '_JARCOM': '$JAR $_JARFLAGS $TARGET $_JARMANIFEST $_JARSOURCES',
  '_JARFLAGS': <function jarFlags at 0x7f577b1ddf30>,
  '_JARMANIFEST': <function jarManifest at 0x7f577b1ddea0>,
  '_JARSOURCES': <function jarSources at 0x7f577b3b7d00>,
  '_JAVABOOTCLASSPATH': '${_javapathopt("-bootclasspath", '
                        '"JAVABOOTCLASSPATH")} ',
  '_JAVACCOM': '$JAVAC $JAVACFLAGS $_JAVABOOTCLASSPATH $_JAVAPROCESSORPATH '
               '$_JAVACLASSPATH -d ${TARGET.attributes.java_classdir} '
               '$_JAVASOURCEPATH $SOURCES',
  '_JAVACLASSPATH': '${_javapathopt("-classpath", "JAVACLASSPATH")} ',
  '_JAVAPROCESSORPATH': '${_javapathopt("-processorpath", '
                        '"JAVAPROCESSORPATH")} ',
  '_JAVASOURCEPATH': '${_javapathopt("-sourcepath", "JAVASOURCEPATH", '
                     '"_JAVASOURCEPATHDEFAULT")} ',
  '_JAVASOURCEPATHDEFAULT': '${TARGET.attributes.java_sourcedir}',
  '_LDMODULESONAME': <function _ldmodule_soname at 0x7f577b38de10>,
  '_LDMODULESOVERSION': <function _ldmodule_soversion at 0x7f577b38dd80>,
  '_LDMODULESUFFIX': '${LDMODULESUFFIX}${_LDMODULEVERSION}',
  '_LDMODULEVERSION': <function _LDMODULEVERSION at 0x7f577b38dea0>,
  '_LDMODULEVERSIONFLAGS': '$LDMODULEVERSIONFLAGS -Wl,-soname=$_LDMODULESONAME',
  '_LEX_HEADER': '${LEX_HEADER_FILE and "--header-file=" + '
                 'str(LEX_HEADER_FILE)}',
  '_LEX_TABLES': '${LEX_TABLES_FILE and "--tables-file=" + '
                 'str(LEX_TABLES_FILE)}',
  '_LIBDIRFLAGS': '${_concat(LIBDIRPREFIX, LIBPATH, LIBDIRSUFFIX, __env__, '
                  'RDirs, TARGET, SOURCE, affect_signature=False)}',
  '_LIBFLAGS': '${_stripixes(LIBLINKPREFIX, LIBS, LIBLINKSUFFIX, LIBPREFIXES, '
               'LIBSUFFIXES, __env__)}',
  '_RPATH': '${_concat(RPATHPREFIX, RPATH, RPATHSUFFIX, __env__)}',
  '_SHDLIBVERSIONFLAGS': '$SHDLIBVERSIONFLAGS -L-soname=$_SHLIBSONAME',
  '_SHLIBSONAME': <function _soname at 0x7f577b38dab0>,
  '_SHLIBSOVERSION': <function _soversion at 0x7f577b38da20>,
  '_SHLIBSUFFIX': '${SHLIBSUFFIX}${_SHLIBVERSION}',
  '_SHLIBVERSION': "${SHLIBVERSION and '.'+SHLIBVERSION or ''}",
  '_SHLIBVERSIONFLAGS': '$SHLIBVERSIONFLAGS -Wl,-soname=$_SHLIBSONAME',
  '_YACC_GRAPH': '${YACC_GRAPH_FILE and "--graph=" + str(YACC_GRAPH_FILE)}',
  '_YACC_HEADER': '${YACC_HEADER_FILE and "--header=" + str(YACC_HEADER_FILE)}',
  '__DRPATH': '$_DRPATH',
  '__DSHLIBVERSIONFLAGS': '${__libversionflags(__env__,"DSHLIBVERSION","_DSHLIBVERSIONFLAGS")}',
  '__LDMODULEVERSIONFLAGS': '${__libversionflags(__env__,"LDMODULEVERSION","_LDMODULEVERSIONFLAGS")}',
  '__RPATH': '$_RPATH',
  '__SHLIBVERSIONFLAGS': '${__libversionflags(__env__,"SHLIBVERSION","_SHLIBVERSIONFLAGS")}',
  '__lib_either_version_flag': <function __lib_either_version_flag at 0x7f577b71d000>,
  '__libversionflags': <function __libversionflags at 0x7f577b71cd30>,
  '_concat': <function _concat at 0x7f577b71ca60>,
  '_defines': <function _defines at 0x7f577b71cca0>,
  '_get_ldmodule_stem': <function _get_ldmodule_stem at 0x7f577b38dcf0>,
  '_get_shlib_dir': <function _get_shlib_dir at 0x7f577b38dbd0>,
  '_get_shlib_stem': <function _get_shlib_stem at 0x7f577b38db40>,
  '_javapathopt': <class 'SCons.Tool.javac.pathopt'>,
  '_stripixes': <function _stripixes at 0x7f577b71cb80>}